<?xml version="1.0" encoding="UTF-8"?>
<!-- Generated by org.testng.reporters.JUnitReportReporter -->
<testsuite hostname="LAPTOP-JD3JCJ7C" failures="0" tests="3" name="tests.Sanity" time="19.991" errors="0" timestamp="2021-03-12T10:55:58 IST" skipped="0">
  <testcase classname="tests.Sanity" name="goToRegister" time="16.629"/>
  <system-out/>
  <testcase classname="tests.Sanity" name="selectAccountTypeIM" time="2.615"/>
  <system-out/>
  <testcase classname="tests.Sanity" name="selectAccountTypeLookingTo" time="0.747"/>
  <system-out/>
</testsuite> <!-- tests.Sanity -->
