<?xml version="1.0" encoding="UTF-8"?>
<!-- Generated by org.testng.reporters.JUnitReportReporter -->
<testsuite hostname="DESKTOP-VTPUTTF" failures="0" tests="4" name="tests.Sanity" time="15.119" errors="0" timestamp="2021-03-12T12:00:32 IST" skipped="0">
  <testcase classname="tests.Sanity" name="goToRegister" time="7.180"/>
  <system-out/>
  <testcase classname="tests.Sanity" name="selectAccountTypeIM" time="1.033"/>
  <system-out/>
  <testcase classname="tests.Sanity" name="selectAccountTypeLookingTo" time="6.491"/>
  <system-out/>
  <testcase classname="tests.Sanity" name="verifyURL" time="0.415"/>
  <system-out/>
</testsuite> <!-- tests.Sanity -->
